Using pre-set license
Built from '2020.3/staging' branch; Version is '2020.3.33f1 (915a7af8b0d5) revision 9525882'; Using compiler version '192528614'; Build Type 'Release'
OS: 'Windows 10  (10.0.19044) 64bit Professional' Language: 'en' Physical Memory: 32694 MB
BatchMode: 1, IsHumanControllingUs: 0, StartBugReporterOnCrash: 0, Is64bit: 1, IsPro: 0

COMMAND LINE ARGUMENTS:
C:\Program Files\Unity\Hub\Editor\2020.3.33f1\Editor\Unity.exe
-adb2
-batchMode
-noUpm
-name
AssetImportWorker0
-projectPath
D:/max/unity/unity_chess2D20.3.35-main
-logFile
Logs/AssetImportWorker0.log
-srvPort
54618
Successfully changed project path to: D:/max/unity/unity_chess2D20.3.35-main
D:/max/unity/unity_chess2D20.3.35-main
Using Asset Import Pipeline V2.
Refreshing native plugins compatible for Editor in 35.34 ms, found 0 plugins.
Preloading 0 native plugins for Editor in 0.00 ms.
Initialize engine version: 2020.3.33f1 (915a7af8b0d5)
[Subsystems] Discovering subsystems at path C:/Program Files/Unity/Hub/Editor/2020.3.33f1/Editor/Data/Resources/UnitySubsystems
[Subsystems] Discovering subsystems at path D:/max/unity/unity_chess2D20.3.35-main/Assets
GfxDevice: creating device client; threaded=0
Direct3D:
    Version:  Direct3D 11.0 [level 11.1]
    Renderer: Radeon RX 580 Series (ID=0x67df)
    Vendor:   
    VRAM:     8170 MB
    Driver:   30.0.15021.11005
Initialize mono
Mono path[0] = 'C:/Program Files/Unity/Hub/Editor/2020.3.33f1/Editor/Data/Managed'
Mono path[1] = 'C:/Program Files/Unity/Hub/Editor/2020.3.33f1/Editor/Data/MonoBleedingEdge/lib/mono/unityjit'
Mono config path = 'C:/Program Files/Unity/Hub/Editor/2020.3.33f1/Editor/Data/MonoBleedingEdge/etc'
Using monoOptions --debugger-agent=transport=dt_socket,embedding=1,server=y,suspend=n,address=127.0.0.1:56396
Begin MonoManager ReloadAssembly
Registering precompiled unity dll's ...
Register platform support module: C:/Program Files/Unity/Hub/Editor/2020.3.33f1/Editor/Data/PlaybackEngines/WebGLSupport/UnityEditor.WebGL.Extensions.dll
Register platform support module: C:/Program Files/Unity/Hub/Editor/2020.3.33f1/Editor/Data/PlaybackEngines/WindowsStandaloneSupport/UnityEditor.WindowsStandalone.Extensions.dll
Registered in 0.003186 seconds.
Native extension for WindowsStandalone target not found
Native extension for WebGL target not found
Refreshing native plugins compatible for Editor in 39.60 ms, found 0 plugins.
Preloading 0 native plugins for Editor in 0.00 ms.
Mono: successfully reloaded assembly
- Completed reload, in  0.718 seconds
Domain Reload Profiling:
	ReloadAssembly (718ms)
		BeginReloadAssembly (85ms)
			ExecutionOrderSort (0ms)
			DisableScriptedObjects (0ms)
			BackupInstance (0ms)
			ReleaseScriptingObjects (0ms)
			CreateAndSetChildDomain (1ms)
		EndReloadAssembly (537ms)
			LoadAssemblies (82ms)
			RebuildTransferFunctionScriptingTraits (0ms)
			SetupTypeCache (190ms)
			ReleaseScriptCaches (0ms)
			RebuildScriptCaches (33ms)
			SetupLoadedEditorAssemblies (182ms)
				LogAssemblyErrors (0ms)
				InitializePlatformSupportModulesInManaged (6ms)
				SetLoadedEditorAssemblies (0ms)
				RefreshPlugins (40ms)
				BeforeProcessingInitializeOnLoad (9ms)
				ProcessInitializeOnLoadAttributes (96ms)
				ProcessInitializeOnLoadMethodAttributes (32ms)
				AfterProcessingInitializeOnLoad (0ms)
				EditorAssembliesLoaded (0ms)
			ExecutionOrderSort2 (0ms)
			AwakeInstancesAfterBackupRestoration (0ms)
Platform modules already initialized, skipping
Registering precompiled user dll's ...
Registered in 0.000737 seconds.
Begin MonoManager ReloadAssembly
Native extension for WindowsStandalone target not found
Native extension for WebGL target not found
Refreshing native plugins compatible for Editor in 0.30 ms, found 0 plugins.
Preloading 0 native plugins for Editor in 0.00 ms.
Mono: successfully reloaded assembly
- Completed reload, in  0.959 seconds
Domain Reload Profiling:
	ReloadAssembly (960ms)
		BeginReloadAssembly (194ms)
			ExecutionOrderSort (0ms)
			DisableScriptedObjects (6ms)
			BackupInstance (0ms)
			ReleaseScriptingObjects (0ms)
			CreateAndSetChildDomain (27ms)
		EndReloadAssembly (686ms)
			LoadAssemblies (107ms)
			RebuildTransferFunctionScriptingTraits (0ms)
			SetupTypeCache (223ms)
			ReleaseScriptCaches (0ms)
			RebuildScriptCaches (50ms)
			SetupLoadedEditorAssemblies (220ms)
				LogAssemblyErrors (0ms)
				InitializePlatformSupportModulesInManaged (6ms)
				SetLoadedEditorAssemblies (1ms)
				RefreshPlugins (0ms)
				BeforeProcessingInitializeOnLoad (52ms)
				ProcessInitializeOnLoadAttributes (135ms)
				ProcessInitializeOnLoadMethodAttributes (15ms)
				AfterProcessingInitializeOnLoad (10ms)
				EditorAssembliesLoaded (0ms)
			ExecutionOrderSort2 (0ms)
			AwakeInstancesAfterBackupRestoration (7ms)
Platform modules already initialized, skipping
========================================================================
Worker process is ready to serve import requests
Launched and connected shader compiler UnityShaderCompiler.exe after 0.09 seconds
Refreshing native plugins compatible for Editor in 0.35 ms, found 0 plugins.
Preloading 0 native plugins for Editor in 0.00 ms.
Unloading 856 Unused Serialized files (Serialized files now loaded: 0)
System memory in use before: 50.4 MB.
System memory in use after: 50.4 MB.

Unloading 21 unused Assets to reduce memory usage. Loaded Objects now: 1294.
Total: 5.165500 ms (FindLiveObjects: 0.276200 ms CreateObjectMapping: 0.038600 ms MarkObjects: 4.639400 ms  DeleteObjects: 0.207700 ms)

AssetImportParameters requested are different than current active one (requested -> active):
  custom:framework-win-MediaFoundation: 216162199b28c13a410421893ffa2e32 -> 
  custom:video-decoder-ogg-theora: a1e56fd34408186e4bbccfd4996cb3dc -> 
  custom:container-muxer-webm: aa71ff27fc2769a1b78a27578f13a17b -> 
  custom:container-demuxer-webm: 4f35f7cbe854078d1ac9338744f61a02 -> 
  custom:container-demuxer-ogg: 62fdf1f143b41e24485cea50d1cbac27 -> 
  custom:video-encoder-webm-vp8: eb34c28f22e8b96e1ab97ce403110664 -> 
  custom:video-decoder-webm-vp8: 9c59270c3fd7afecdb556c50c9e8de78 -> 
  custom:audio-decoder-ogg-vorbis: bf7c407c2cedff20999df2af8eb42d56 -> 
  custom:audio-encoder-webm-vorbis: bf7c407c2cedff20999df2af8eb42d56 -> 
========================================================================
Received Import Request.
  path: Assets/EHSMB.TTF
  artifactKey: Guid(24fde2e5774ae7e4584af7daf5fcb6b3) Importer(815301076,1909f56bfc062723c751e8b465ee728b)
Start importing Assets/EHSMB.TTF using Guid(24fde2e5774ae7e4584af7daf5fcb6b3) Importer(815301076,1909f56bfc062723c751e8b465ee728b)  -> (artifact id: 'f0940e6a7a82853948215fc5e00a824a') in 0.196815 seconds 
========================================================================
Received Import Request.
  Time since last request: 330.910654 seconds.
  path: Assets/Socket.IO/Example/DemoServerCode/ServerCode/server.js
  artifactKey: Guid(1d75be32e6e857144bd4bbf1a0386709) Importer(815301076,1909f56bfc062723c751e8b465ee728b)
Start importing Assets/Socket.IO/Example/DemoServerCode/ServerCode/server.js using Guid(1d75be32e6e857144bd4bbf1a0386709) Importer(815301076,1909f56bfc062723c751e8b465ee728b)  -> (artifact id: 'd1c041ac8ef7d9d16c627dab6ffb05b1') in 0.016667 seconds 
========================================================================
Received Import Request.
  Time since last request: 222.475888 seconds.
  path: Assets/Socket.IO/Example/ExampleScript.cs
  artifactKey: Guid(041feace364426a4e838c95475e6f9b6) Importer(815301076,1909f56bfc062723c751e8b465ee728b)
Start importing Assets/Socket.IO/Example/ExampleScript.cs using Guid(041feace364426a4e838c95475e6f9b6) Importer(815301076,1909f56bfc062723c751e8b465ee728b)  -> (artifact id: 'f58e95a955d4a0341de7b61bcb32a001') in 0.089451 seconds 
========================================================================
Received Import Request.
  Time since last request: 0.966417 seconds.
  path: Assets/Socket.IO/Example/LocalPingPongTest.unity
  artifactKey: Guid(0357627dc0c7a4c46ba8de85a0a092ba) Importer(815301076,1909f56bfc062723c751e8b465ee728b)
Start importing Assets/Socket.IO/Example/LocalPingPongTest.unity using Guid(0357627dc0c7a4c46ba8de85a0a092ba) Importer(815301076,1909f56bfc062723c751e8b465ee728b)  -> (artifact id: '70ce19e1a46a7f78337662cf0413fd49') in 0.013152 seconds 
========================================================================
Received Import Request.
  Time since last request: 3.889070 seconds.
  path: Assets/Socket.IO/Example/PingPongClientSample.cs
  artifactKey: Guid(32bf19f39b250f6408395a290825071f) Importer(815301076,1909f56bfc062723c751e8b465ee728b)
Start importing Assets/Socket.IO/Example/PingPongClientSample.cs using Guid(32bf19f39b250f6408395a290825071f) Importer(815301076,1909f56bfc062723c751e8b465ee728b)  -> (artifact id: '0d5492f87fea3cc19d47c448f257de2a') in 0.011538 seconds 
========================================================================
Received Import Request.
  Time since last request: 4.508458 seconds.
  path: Assets/Socket.IO/Example/SampleScene.unity
  artifactKey: Guid(b7787711d959c3c4b8272952f8f5f1de) Importer(815301076,1909f56bfc062723c751e8b465ee728b)
Start importing Assets/Socket.IO/Example/SampleScene.unity using Guid(b7787711d959c3c4b8272952f8f5f1de) Importer(815301076,1909f56bfc062723c751e8b465ee728b)  -> (artifact id: '2cdbd65e5299439b65f8676759cb5276') in 0.013175 seconds 
========================================================================
Received Import Request.
  Time since last request: 13.735408 seconds.
  path: Assets/Socket.IO/Example/ServerSide.txt
  artifactKey: Guid(0190b386d1c6669428eb88d55266230b) Importer(815301076,1909f56bfc062723c751e8b465ee728b)
Start importing Assets/Socket.IO/Example/ServerSide.txt using Guid(0190b386d1c6669428eb88d55266230b) Importer(815301076,1909f56bfc062723c751e8b465ee728b)  -> (artifact id: '81ec31a15494b3299129fa2c608a0773') in 0.021403 seconds 
========================================================================
Received Import Request.
  Time since last request: 7.901650 seconds.
  path: Assets/Socket.IO/Example/DemoServerCode.zip
  artifactKey: Guid(12cbe034b7db31043aceeca38730482f) Importer(815301076,1909f56bfc062723c751e8b465ee728b)
Start importing Assets/Socket.IO/Example/DemoServerCode.zip using Guid(12cbe034b7db31043aceeca38730482f) Importer(815301076,1909f56bfc062723c751e8b465ee728b)  -> (artifact id: 'bd31294180949d18c68a3b06c012088a') in 0.018076 seconds 
========================================================================
Received Import Request.
  Time since last request: 33.533518 seconds.
  path: Assets/Socket.IO/S.IO-Library/MIT-Licensed/SocketPacketType.cs
  artifactKey: Guid(4056db3ec05479c4fa25994e80dfa82f) Importer(815301076,1909f56bfc062723c751e8b465ee728b)
Start importing Assets/Socket.IO/S.IO-Library/MIT-Licensed/SocketPacketType.cs using Guid(4056db3ec05479c4fa25994e80dfa82f) Importer(815301076,1909f56bfc062723c751e8b465ee728b)  -> (artifact id: 'ff57a4ced813a73d474f022869ff32b0') in 0.014974 seconds 
========================================================================
Received Import Request.
  Time since last request: 4.854915 seconds.
  path: Assets/Socket.IO/S.IO-Library/MIT-Licensed/SocketPacket.cs
  artifactKey: Guid(d8371bff0deb77943a68fd016a49dfd4) Importer(815301076,1909f56bfc062723c751e8b465ee728b)
Start importing Assets/Socket.IO/S.IO-Library/MIT-Licensed/SocketPacket.cs using Guid(d8371bff0deb77943a68fd016a49dfd4) Importer(815301076,1909f56bfc062723c751e8b465ee728b)  -> (artifact id: '49862caa7d17d2b639794f7c250900c3') in 0.009526 seconds 
========================================================================
Received Import Request.
  Time since last request: 1.612596 seconds.
  path: Assets/Socket.IO/S.IO-Library/MIT-Licensed/SocketOpenData.cs
  artifactKey: Guid(e1e3758a0e0edc74baf97cd3431df219) Importer(815301076,1909f56bfc062723c751e8b465ee728b)
Start importing Assets/Socket.IO/S.IO-Library/MIT-Licensed/SocketOpenData.cs using Guid(e1e3758a0e0edc74baf97cd3431df219) Importer(815301076,1909f56bfc062723c751e8b465ee728b)  -> (artifact id: '72d8c6f8e4bd7ddf382a909616078053') in 0.022236 seconds 
========================================================================
Received Import Request.
  Time since last request: 1.275797 seconds.
  path: Assets/Socket.IO/S.IO-Library/MIT-Licensed/Parser.cs
  artifactKey: Guid(bcd8e9a06b75e9348bd5fb12b25e3965) Importer(815301076,1909f56bfc062723c751e8b465ee728b)
Start importing Assets/Socket.IO/S.IO-Library/MIT-Licensed/Parser.cs using Guid(bcd8e9a06b75e9348bd5fb12b25e3965) Importer(815301076,1909f56bfc062723c751e8b465ee728b)  -> (artifact id: 'b8d45ec0a0b08499e7723ca0e300f7a3') in 0.009915 seconds 
========================================================================
Received Import Request.
  Time since last request: 3.165899 seconds.
  path: Assets/Socket.IO/S.IO-Library/MIT-Licensed/EnginePacketType.cs
  artifactKey: Guid(772337894388f3540ad4b52d27c6026d) Importer(815301076,1909f56bfc062723c751e8b465ee728b)
Start importing Assets/Socket.IO/S.IO-Library/MIT-Licensed/EnginePacketType.cs using Guid(772337894388f3540ad4b52d27c6026d) Importer(815301076,1909f56bfc062723c751e8b465ee728b)  -> (artifact id: 'bfa30390ba546f8b529fcd276d7a942c') in 0.009174 seconds 
========================================================================
Received Import Request.
  Time since last request: 1.321859 seconds.
  path: Assets/Socket.IO/S.IO-Library/MIT-Licensed/Encoder.cs
  artifactKey: Guid(4907d00a69159444d84a6449440162bb) Importer(815301076,1909f56bfc062723c751e8b465ee728b)
Start importing Assets/Socket.IO/S.IO-Library/MIT-Licensed/Encoder.cs using Guid(4907d00a69159444d84a6449440162bb) Importer(815301076,1909f56bfc062723c751e8b465ee728b)  -> (artifact id: 'fcd0e4208b1d2b975d2f3b8fdf7b2107') in 0.011592 seconds 
========================================================================
Received Import Request.
  Time since last request: 4.629737 seconds.
  path: Assets/Socket.IO/S.IO-Library/MIT-Licensed/Decoder.cs
  artifactKey: Guid(e99104bed8e2ded44aa558b9ac775de6) Importer(815301076,1909f56bfc062723c751e8b465ee728b)
Start importing Assets/Socket.IO/S.IO-Library/MIT-Licensed/Decoder.cs using Guid(e99104bed8e2ded44aa558b9ac775de6) Importer(815301076,1909f56bfc062723c751e8b465ee728b)  -> (artifact id: 'bec15729568ee950adfc7e3ade70b528') in 0.007425 seconds 
========================================================================
Received Import Request.
  Time since last request: 5.264059 seconds.
  path: Assets/Socket.IO/S.IO-Library/Plugins/MIT-Licensed/socket.io-client.slim.jslib
  artifactKey: Guid(3194e55a6aadc834c9d60ed51ace956c) Importer(815301076,1909f56bfc062723c751e8b465ee728b)
Start importing Assets/Socket.IO/S.IO-Library/Plugins/MIT-Licensed/socket.io-client.slim.jslib using Guid(3194e55a6aadc834c9d60ed51ace956c) Importer(815301076,1909f56bfc062723c751e8b465ee728b)  -> (artifact id: 'fc0bd2542e680eefd01a7e15401843a6') in 0.013015 seconds 
========================================================================
Received Import Request.
  Time since last request: 825.574460 seconds.
  path: Assets/Socket.IO/Example
  artifactKey: Guid(5b3e2f35c4a44f84f9e073c59dbfab6d) Importer(815301076,1909f56bfc062723c751e8b465ee728b)
Start importing Assets/Socket.IO/Example using Guid(5b3e2f35c4a44f84f9e073c59dbfab6d) Importer(815301076,1909f56bfc062723c751e8b465ee728b)  -> (artifact id: '228a3ee79edb2e1b79cbd047051ab7a2') in 0.012687 seconds 
========================================================================
Received Import Request.
  Time since last request: 34.030676 seconds.
  path: Assets/Socket.IO/Example/DemoServerCode
  artifactKey: Guid(1cac9f1f1ea63634e8beecd10b39c5a6) Importer(815301076,1909f56bfc062723c751e8b465ee728b)
Start importing Assets/Socket.IO/Example/DemoServerCode using Guid(1cac9f1f1ea63634e8beecd10b39c5a6) Importer(815301076,1909f56bfc062723c751e8b465ee728b)  -> (artifact id: '3f1842027207545a9f7fc6c01bed8ead') in 0.003225 seconds 
========================================================================
Received Import Request.
  Time since last request: 1.298348 seconds.
  path: Assets/Socket.IO/Example/DemoServerCode/ServerCode
  artifactKey: Guid(cd28742cbffb1cf4ea73d20e0f7836fc) Importer(815301076,1909f56bfc062723c751e8b465ee728b)
Start importing Assets/Socket.IO/Example/DemoServerCode/ServerCode using Guid(cd28742cbffb1cf4ea73d20e0f7836fc) Importer(815301076,1909f56bfc062723c751e8b465ee728b)  -> (artifact id: '2f8852550618beb1f3b421446ee53913') in 0.010450 seconds 
========================================================================
Received Import Request.
  Time since last request: 1.929783 seconds.
  path: Assets/Socket.IO/Example/DemoServerCode/ServerCode/techproof.html
  artifactKey: Guid(c707b74f70c14ad40be997ed1f467e56) Importer(815301076,1909f56bfc062723c751e8b465ee728b)
Start importing Assets/Socket.IO/Example/DemoServerCode/ServerCode/techproof.html using Guid(c707b74f70c14ad40be997ed1f467e56) Importer(815301076,1909f56bfc062723c751e8b465ee728b)  -> (artifact id: '82fc7b27d48d6900b70bdd1642138034') in 0.017262 seconds 
========================================================================
Received Prepare
Registering precompiled user dll's ...
Registered in 0.001064 seconds.
Begin MonoManager ReloadAssembly
Native extension for WindowsStandalone target not found
Native extension for WebGL target not found
Refreshing native plugins compatible for Editor in 0.46 ms, found 0 plugins.
Preloading 0 native plugins for Editor in 0.00 ms.
Mono: successfully reloaded assembly
- Completed reload, in  1.101 seconds
Domain Reload Profiling:
	ReloadAssembly (1102ms)
		BeginReloadAssembly (151ms)
			ExecutionOrderSort (0ms)
			DisableScriptedObjects (8ms)
			BackupInstance (0ms)
			ReleaseScriptingObjects (0ms)
			CreateAndSetChildDomain (33ms)
		EndReloadAssembly (856ms)
			LoadAssemblies (137ms)
			RebuildTransferFunctionScriptingTraits (0ms)
			SetupTypeCache (259ms)
			ReleaseScriptCaches (1ms)
			RebuildScriptCaches (52ms)
			SetupLoadedEditorAssemblies (284ms)
				LogAssemblyErrors (0ms)
				InitializePlatformSupportModulesInManaged (9ms)
				SetLoadedEditorAssemblies (1ms)
				RefreshPlugins (1ms)
				BeforeProcessingInitializeOnLoad (65ms)
				ProcessInitializeOnLoadAttributes (184ms)
				ProcessInitializeOnLoadMethodAttributes (14ms)
				AfterProcessingInitializeOnLoad (10ms)
				EditorAssembliesLoaded (0ms)
			ExecutionOrderSort2 (0ms)
			AwakeInstancesAfterBackupRestoration (9ms)
Platform modules already initialized, skipping
Refreshing native plugins compatible for Editor in 0.42 ms, found 0 plugins.
Preloading 0 native plugins for Editor in 0.00 ms.
Unloading 850 Unused Serialized files (Serialized files now loaded: 0)
System memory in use before: 53.8 MB.
System memory in use after: 53.8 MB.

Unloading 12 unused Assets to reduce memory usage. Loaded Objects now: 1341.
Total: 3.296400 ms (FindLiveObjects: 0.156100 ms CreateObjectMapping: 0.027200 ms MarkObjects: 3.074900 ms  DeleteObjects: 0.036400 ms)

AssetImportParameters requested are different than current active one (requested -> active):
  custom:framework-win-MediaFoundation: 216162199b28c13a410421893ffa2e32 -> 
  custom:video-decoder-ogg-theora: a1e56fd34408186e4bbccfd4996cb3dc -> 
  custom:container-muxer-webm: aa71ff27fc2769a1b78a27578f13a17b -> 
  custom:container-demuxer-webm: 4f35f7cbe854078d1ac9338744f61a02 -> 
  custom:container-demuxer-ogg: 62fdf1f143b41e24485cea50d1cbac27 -> 
  custom:video-encoder-webm-vp8: eb34c28f22e8b96e1ab97ce403110664 -> 
  custom:video-decoder-webm-vp8: 9c59270c3fd7afecdb556c50c9e8de78 -> 
  custom:audio-decoder-ogg-vorbis: bf7c407c2cedff20999df2af8eb42d56 -> 
  custom:audio-encoder-webm-vorbis: bf7c407c2cedff20999df2af8eb42d56 -> 
========================================================================
Received Prepare
Registering precompiled user dll's ...
Registered in 0.000768 seconds.
Begin MonoManager ReloadAssembly
Native extension for WindowsStandalone target not found
Native extension for WebGL target not found
Refreshing native plugins compatible for Editor in 0.59 ms, found 0 plugins.
Preloading 0 native plugins for Editor in 0.00 ms.
Mono: successfully reloaded assembly
- Completed reload, in  1.238 seconds
Domain Reload Profiling:
	ReloadAssembly (1239ms)
		BeginReloadAssembly (212ms)
			ExecutionOrderSort (0ms)
			DisableScriptedObjects (12ms)
			BackupInstance (0ms)
			ReleaseScriptingObjects (0ms)
			CreateAndSetChildDomain (43ms)
		EndReloadAssembly (884ms)
			LoadAssemblies (192ms)
			RebuildTransferFunctionScriptingTraits (0ms)
			SetupTypeCache (286ms)
			ReleaseScriptCaches (1ms)
			RebuildScriptCaches (44ms)
			SetupLoadedEditorAssemblies (277ms)
				LogAssemblyErrors (0ms)
				InitializePlatformSupportModulesInManaged (9ms)
				SetLoadedEditorAssemblies (1ms)
				RefreshPlugins (1ms)
				BeforeProcessingInitializeOnLoad (75ms)
				ProcessInitializeOnLoadAttributes (165ms)
				ProcessInitializeOnLoadMethodAttributes (11ms)
				AfterProcessingInitializeOnLoad (13ms)
				EditorAssembliesLoaded (1ms)
			ExecutionOrderSort2 (0ms)
			AwakeInstancesAfterBackupRestoration (11ms)
Platform modules already initialized, skipping
Refreshing native plugins compatible for Editor in 0.42 ms, found 0 plugins.
Preloading 0 native plugins for Editor in 0.00 ms.
Unloading 850 Unused Serialized files (Serialized files now loaded: 0)
System memory in use before: 53.8 MB.
System memory in use after: 53.8 MB.

Unloading 12 unused Assets to reduce memory usage. Loaded Objects now: 1344.
Total: 3.623100 ms (FindLiveObjects: 0.166700 ms CreateObjectMapping: 0.026900 ms MarkObjects: 3.375300 ms  DeleteObjects: 0.052300 ms)

AssetImportParameters requested are different than current active one (requested -> active):
  custom:framework-win-MediaFoundation: 216162199b28c13a410421893ffa2e32 -> 
  custom:video-decoder-ogg-theora: a1e56fd34408186e4bbccfd4996cb3dc -> 
  custom:container-muxer-webm: aa71ff27fc2769a1b78a27578f13a17b -> 
  custom:container-demuxer-webm: 4f35f7cbe854078d1ac9338744f61a02 -> 
  custom:container-demuxer-ogg: 62fdf1f143b41e24485cea50d1cbac27 -> 
  custom:video-encoder-webm-vp8: eb34c28f22e8b96e1ab97ce403110664 -> 
  custom:video-decoder-webm-vp8: 9c59270c3fd7afecdb556c50c9e8de78 -> 
  custom:audio-decoder-ogg-vorbis: bf7c407c2cedff20999df2af8eb42d56 -> 
  custom:audio-encoder-webm-vorbis: bf7c407c2cedff20999df2af8eb42d56 -> 
========================================================================
Received Prepare
Refreshing native plugins compatible for Editor in 1.36 ms, found 0 plugins.
Preloading 0 native plugins for Editor in 0.00 ms.
Unloading 10 Unused Serialized files (Serialized files now loaded: 0)
System memory in use before: 37.0 MB.
System memory in use after: 37.0 MB.

Unloading 10 unused Assets to reduce memory usage. Loaded Objects now: 1344.
Total: 2.991700 ms (FindLiveObjects: 0.143300 ms CreateObjectMapping: 0.026500 ms MarkObjects: 2.796200 ms  DeleteObjects: 0.025000 ms)

AssetImportParameters requested are different than current active one (requested -> active):
  custom:framework-win-MediaFoundation: 216162199b28c13a410421893ffa2e32 -> 
  custom:video-decoder-ogg-theora: a1e56fd34408186e4bbccfd4996cb3dc -> 
  custom:container-muxer-webm: aa71ff27fc2769a1b78a27578f13a17b -> 
  custom:container-demuxer-webm: 4f35f7cbe854078d1ac9338744f61a02 -> 
  custom:container-demuxer-ogg: 62fdf1f143b41e24485cea50d1cbac27 -> 
  custom:video-encoder-webm-vp8: eb34c28f22e8b96e1ab97ce403110664 -> 
  custom:video-decoder-webm-vp8: 9c59270c3fd7afecdb556c50c9e8de78 -> 
  custom:audio-decoder-ogg-vorbis: bf7c407c2cedff20999df2af8eb42d56 -> 
  custom:audio-encoder-webm-vorbis: bf7c407c2cedff20999df2af8eb42d56 -> 
========================================================================
Received Import Request.
  Time since last request: 763.217148 seconds.
  path: Assets/Scenes
  artifactKey: Guid(99cbb142f95aae846b05173e1beb1eb8) Importer(815301076,1909f56bfc062723c751e8b465ee728b)
Start importing Assets/Scenes using Guid(99cbb142f95aae846b05173e1beb1eb8) Importer(815301076,1909f56bfc062723c751e8b465ee728b)  -> (artifact id: '5599b9ecbeb2ef1189d4f1f0d1b6d532') in 0.015273 seconds 
========================================================================
Received Import Request.
  Time since last request: 1.057170 seconds.
  path: Assets/Scenes/Game.unity
  artifactKey: Guid(2cda990e2423bbf4892e6590ba056729) Importer(815301076,1909f56bfc062723c751e8b465ee728b)
Start importing Assets/Scenes/Game.unity using Guid(2cda990e2423bbf4892e6590ba056729) Importer(815301076,1909f56bfc062723c751e8b465ee728b)  -> (artifact id: '535ab962029b68083e98f038dc65df98') in 0.011649 seconds 
========================================================================
Received Prepare
Registering precompiled user dll's ...
Registered in 0.001214 seconds.
Begin MonoManager ReloadAssembly
Native extension for WindowsStandalone target not found
Native extension for WebGL target not found
Refreshing native plugins compatible for Editor in 1.19 ms, found 0 plugins.
Preloading 0 native plugins for Editor in 0.00 ms.
Mono: successfully reloaded assembly
- Completed reload, in  1.258 seconds
Domain Reload Profiling:
	ReloadAssembly (1258ms)
		BeginReloadAssembly (169ms)
			ExecutionOrderSort (0ms)
			DisableScriptedObjects (11ms)
			BackupInstance (0ms)
			ReleaseScriptingObjects (0ms)
			CreateAndSetChildDomain (50ms)
		EndReloadAssembly (973ms)
			LoadAssemblies (165ms)
			RebuildTransferFunctionScriptingTraits (0ms)
			SetupTypeCache (286ms)
			ReleaseScriptCaches (1ms)
			RebuildScriptCaches (45ms)
			SetupLoadedEditorAssemblies (326ms)
				LogAssemblyErrors (0ms)
				InitializePlatformSupportModulesInManaged (10ms)
				SetLoadedEditorAssemblies (1ms)
				RefreshPlugins (1ms)
				BeforeProcessingInitializeOnLoad (83ms)
				ProcessInitializeOnLoadAttributes (199ms)
				ProcessInitializeOnLoadMethodAttributes (18ms)
				AfterProcessingInitializeOnLoad (13ms)
				EditorAssembliesLoaded (0ms)
			ExecutionOrderSort2 (0ms)
			AwakeInstancesAfterBackupRestoration (10ms)
Platform modules already initialized, skipping
Refreshing native plugins compatible for Editor in 0.60 ms, found 0 plugins.
Preloading 0 native plugins for Editor in 0.00 ms.
Unloading 850 Unused Serialized files (Serialized files now loaded: 0)
System memory in use before: 53.8 MB.
System memory in use after: 53.9 MB.

Unloading 12 unused Assets to reduce memory usage. Loaded Objects now: 1347.
Total: 4.053900 ms (FindLiveObjects: 0.182100 ms CreateObjectMapping: 0.040400 ms MarkObjects: 3.748100 ms  DeleteObjects: 0.081500 ms)

AssetImportParameters requested are different than current active one (requested -> active):
  custom:framework-win-MediaFoundation: 216162199b28c13a410421893ffa2e32 -> 
  custom:video-decoder-ogg-theora: a1e56fd34408186e4bbccfd4996cb3dc -> 
  custom:container-muxer-webm: aa71ff27fc2769a1b78a27578f13a17b -> 
  custom:container-demuxer-webm: 4f35f7cbe854078d1ac9338744f61a02 -> 
  custom:container-demuxer-ogg: 62fdf1f143b41e24485cea50d1cbac27 -> 
  custom:video-encoder-webm-vp8: eb34c28f22e8b96e1ab97ce403110664 -> 
  custom:video-decoder-webm-vp8: 9c59270c3fd7afecdb556c50c9e8de78 -> 
  custom:audio-decoder-ogg-vorbis: bf7c407c2cedff20999df2af8eb42d56 -> 
  custom:audio-encoder-webm-vorbis: bf7c407c2cedff20999df2af8eb42d56 -> 
========================================================================
Received Prepare
Registering precompiled user dll's ...
Registered in 0.001660 seconds.
Begin MonoManager ReloadAssembly
Native extension for WindowsStandalone target not found
Native extension for WebGL target not found
Refreshing native plugins compatible for Editor in 0.60 ms, found 0 plugins.
Preloading 0 native plugins for Editor in 0.00 ms.
Mono: successfully reloaded assembly
- Completed reload, in  1.254 seconds
Domain Reload Profiling:
	ReloadAssembly (1254ms)
		BeginReloadAssembly (175ms)
			ExecutionOrderSort (0ms)
			DisableScriptedObjects (10ms)
			BackupInstance (0ms)
			ReleaseScriptingObjects (0ms)
			CreateAndSetChildDomain (36ms)
		EndReloadAssembly (971ms)
			LoadAssemblies (163ms)
			RebuildTransferFunctionScriptingTraits (0ms)
			SetupTypeCache (290ms)
			ReleaseScriptCaches (1ms)
			RebuildScriptCaches (65ms)
			SetupLoadedEditorAssemblies (294ms)
				LogAssemblyErrors (0ms)
				InitializePlatformSupportModulesInManaged (10ms)
				SetLoadedEditorAssemblies (1ms)
				RefreshPlugins (1ms)
				BeforeProcessingInitializeOnLoad (79ms)
				ProcessInitializeOnLoadAttributes (178ms)
				ProcessInitializeOnLoadMethodAttributes (14ms)
				AfterProcessingInitializeOnLoad (12ms)
				EditorAssembliesLoaded (0ms)
			ExecutionOrderSort2 (0ms)
			AwakeInstancesAfterBackupRestoration (12ms)
Platform modules already initialized, skipping
Refreshing native plugins compatible for Editor in 0.62 ms, found 0 plugins.
Preloading 0 native plugins for Editor in 0.00 ms.
Unloading 850 Unused Serialized files (Serialized files now loaded: 0)
System memory in use before: 53.8 MB.
System memory in use after: 53.8 MB.

Unloading 12 unused Assets to reduce memory usage. Loaded Objects now: 1350.
Total: 4.931400 ms (FindLiveObjects: 0.364000 ms CreateObjectMapping: 0.045400 ms MarkObjects: 4.460300 ms  DeleteObjects: 0.058200 ms)

AssetImportParameters requested are different than current active one (requested -> active):
  custom:framework-win-MediaFoundation: 216162199b28c13a410421893ffa2e32 -> 
  custom:video-decoder-ogg-theora: a1e56fd34408186e4bbccfd4996cb3dc -> 
  custom:container-muxer-webm: aa71ff27fc2769a1b78a27578f13a17b -> 
  custom:container-demuxer-webm: 4f35f7cbe854078d1ac9338744f61a02 -> 
  custom:container-demuxer-ogg: 62fdf1f143b41e24485cea50d1cbac27 -> 
  custom:video-encoder-webm-vp8: eb34c28f22e8b96e1ab97ce403110664 -> 
  custom:video-decoder-webm-vp8: 9c59270c3fd7afecdb556c50c9e8de78 -> 
  custom:audio-decoder-ogg-vorbis: bf7c407c2cedff20999df2af8eb42d56 -> 
  custom:audio-encoder-webm-vorbis: bf7c407c2cedff20999df2af8eb42d56 -> 
========================================================================
Received Prepare
Refreshing native plugins compatible for Editor in 1.89 ms, found 0 plugins.
Preloading 0 native plugins for Editor in 0.00 ms.
Unloading 10 Unused Serialized files (Serialized files now loaded: 0)
System memory in use before: 37.0 MB.
System memory in use after: 37.0 MB.

Unloading 10 unused Assets to reduce memory usage. Loaded Objects now: 1350.
Total: 3.820000 ms (FindLiveObjects: 0.222100 ms CreateObjectMapping: 0.057900 ms MarkObjects: 3.505700 ms  DeleteObjects: 0.032700 ms)

AssetImportParameters requested are different than current active one (requested -> active):
  custom:framework-win-MediaFoundation: 216162199b28c13a410421893ffa2e32 -> 
  custom:video-decoder-ogg-theora: a1e56fd34408186e4bbccfd4996cb3dc -> 
  custom:container-muxer-webm: aa71ff27fc2769a1b78a27578f13a17b -> 
  custom:container-demuxer-webm: 4f35f7cbe854078d1ac9338744f61a02 -> 
  custom:container-demuxer-ogg: 62fdf1f143b41e24485cea50d1cbac27 -> 
  custom:video-encoder-webm-vp8: eb34c28f22e8b96e1ab97ce403110664 -> 
  custom:video-decoder-webm-vp8: 9c59270c3fd7afecdb556c50c9e8de78 -> 
  custom:audio-decoder-ogg-vorbis: bf7c407c2cedff20999df2af8eb42d56 -> 
  custom:audio-encoder-webm-vorbis: bf7c407c2cedff20999df2af8eb42d56 -> 
AssetImportWorkerClient::OnTransportError - code=2 error=End of file
