Using pre-set license
Built from '2020.3/staging' branch; Version is '2020.3.33f1 (915a7af8b0d5) revision 9525882'; Using compiler version '192528614'; Build Type 'Release'
OS: 'Windows 10  (10.0.19044) 64bit Professional' Language: 'en' Physical Memory: 32694 MB
BatchMode: 1, IsHumanControllingUs: 0, StartBugReporterOnCrash: 0, Is64bit: 1, IsPro: 0

COMMAND LINE ARGUMENTS:
C:\Program Files\Unity\Hub\Editor\2020.3.33f1\Editor\Unity.exe
-adb2
-batchMode
-noUpm
-name
AssetImportWorker0
-projectPath
D:/max/unity/unity_chess2D20.3.35-main
-logFile
Logs/AssetImportWorker0.log
-srvPort
53243
Successfully changed project path to: D:/max/unity/unity_chess2D20.3.35-main
D:/max/unity/unity_chess2D20.3.35-main
Using Asset Import Pipeline V2.
Refreshing native plugins compatible for Editor in 46.13 ms, found 0 plugins.
Preloading 0 native plugins for Editor in 0.00 ms.
Initialize engine version: 2020.3.33f1 (915a7af8b0d5)
[Subsystems] Discovering subsystems at path C:/Program Files/Unity/Hub/Editor/2020.3.33f1/Editor/Data/Resources/UnitySubsystems
[Subsystems] Discovering subsystems at path D:/max/unity/unity_chess2D20.3.35-main/Assets
GfxDevice: creating device client; threaded=0
Direct3D:
    Version:  Direct3D 11.0 [level 11.1]
    Renderer: Radeon RX 580 Series (ID=0x67df)
    Vendor:   
    VRAM:     8170 MB
    Driver:   30.0.15021.11005
Initialize mono
Mono path[0] = 'C:/Program Files/Unity/Hub/Editor/2020.3.33f1/Editor/Data/Managed'
Mono path[1] = 'C:/Program Files/Unity/Hub/Editor/2020.3.33f1/Editor/Data/MonoBleedingEdge/lib/mono/unityjit'
Mono config path = 'C:/Program Files/Unity/Hub/Editor/2020.3.33f1/Editor/Data/MonoBleedingEdge/etc'
Using monoOptions --debugger-agent=transport=dt_socket,embedding=1,server=y,suspend=n,address=127.0.0.1:56292
Begin MonoManager ReloadAssembly
Registering precompiled unity dll's ...
Register platform support module: C:/Program Files/Unity/Hub/Editor/2020.3.33f1/Editor/Data/PlaybackEngines/WebGLSupport/UnityEditor.WebGL.Extensions.dll
Register platform support module: C:/Program Files/Unity/Hub/Editor/2020.3.33f1/Editor/Data/PlaybackEngines/WindowsStandaloneSupport/UnityEditor.WindowsStandalone.Extensions.dll
Registered in 0.004195 seconds.
Native extension for WindowsStandalone target not found
Native extension for WebGL target not found
Refreshing native plugins compatible for Editor in 40.44 ms, found 0 plugins.
Preloading 0 native plugins for Editor in 0.00 ms.
Mono: successfully reloaded assembly
- Completed reload, in  0.830 seconds
Domain Reload Profiling:
	ReloadAssembly (830ms)
		BeginReloadAssembly (91ms)
			ExecutionOrderSort (0ms)
			DisableScriptedObjects (0ms)
			BackupInstance (0ms)
			ReleaseScriptingObjects (0ms)
			CreateAndSetChildDomain (1ms)
		EndReloadAssembly (625ms)
			LoadAssemblies (88ms)
			RebuildTransferFunctionScriptingTraits (0ms)
			SetupTypeCache (224ms)
			ReleaseScriptCaches (0ms)
			RebuildScriptCaches (40ms)
			SetupLoadedEditorAssemblies (208ms)
				LogAssemblyErrors (0ms)
				InitializePlatformSupportModulesInManaged (6ms)
				SetLoadedEditorAssemblies (0ms)
				RefreshPlugins (41ms)
				BeforeProcessingInitializeOnLoad (10ms)
				ProcessInitializeOnLoadAttributes (111ms)
				ProcessInitializeOnLoadMethodAttributes (39ms)
				AfterProcessingInitializeOnLoad (0ms)
				EditorAssembliesLoaded (0ms)
			ExecutionOrderSort2 (0ms)
			AwakeInstancesAfterBackupRestoration (0ms)
Platform modules already initialized, skipping
Registering precompiled user dll's ...
Registered in 0.001266 seconds.
Begin MonoManager ReloadAssembly
Native extension for WindowsStandalone target not found
Native extension for WebGL target not found
Refreshing native plugins compatible for Editor in 0.40 ms, found 0 plugins.
Preloading 0 native plugins for Editor in 0.00 ms.
Mono: successfully reloaded assembly
- Completed reload, in  1.153 seconds
Domain Reload Profiling:
	ReloadAssembly (1155ms)
		BeginReloadAssembly (230ms)
			ExecutionOrderSort (0ms)
			DisableScriptedObjects (6ms)
			BackupInstance (0ms)
			ReleaseScriptingObjects (0ms)
			CreateAndSetChildDomain (35ms)
		EndReloadAssembly (831ms)
			LoadAssemblies (127ms)
			RebuildTransferFunctionScriptingTraits (0ms)
			SetupTypeCache (275ms)
			ReleaseScriptCaches (1ms)
			RebuildScriptCaches (62ms)
			SetupLoadedEditorAssemblies (255ms)
				LogAssemblyErrors (0ms)
				InitializePlatformSupportModulesInManaged (6ms)
				SetLoadedEditorAssemblies (1ms)
				RefreshPlugins (0ms)
				BeforeProcessingInitializeOnLoad (64ms)
				ProcessInitializeOnLoadAttributes (151ms)
				ProcessInitializeOnLoadMethodAttributes (22ms)
				AfterProcessingInitializeOnLoad (10ms)
				EditorAssembliesLoaded (0ms)
			ExecutionOrderSort2 (0ms)
			AwakeInstancesAfterBackupRestoration (8ms)
Platform modules already initialized, skipping
========================================================================
Worker process is ready to serve import requests
Launched and connected shader compiler UnityShaderCompiler.exe after 0.09 seconds
Refreshing native plugins compatible for Editor in 0.66 ms, found 0 plugins.
Preloading 0 native plugins for Editor in 0.00 ms.
Unloading 856 Unused Serialized files (Serialized files now loaded: 0)
System memory in use before: 50.4 MB.
System memory in use after: 50.4 MB.

Unloading 21 unused Assets to reduce memory usage. Loaded Objects now: 1294.
Total: 3.813000 ms (FindLiveObjects: 0.150500 ms CreateObjectMapping: 0.023400 ms MarkObjects: 3.525300 ms  DeleteObjects: 0.111500 ms)

AssetImportParameters requested are different than current active one (requested -> active):
  custom:framework-win-MediaFoundation: 216162199b28c13a410421893ffa2e32 -> 
  custom:video-decoder-ogg-theora: a1e56fd34408186e4bbccfd4996cb3dc -> 
  custom:container-muxer-webm: aa71ff27fc2769a1b78a27578f13a17b -> 
  custom:container-demuxer-webm: 4f35f7cbe854078d1ac9338744f61a02 -> 
  custom:container-demuxer-ogg: 62fdf1f143b41e24485cea50d1cbac27 -> 
  custom:video-encoder-webm-vp8: eb34c28f22e8b96e1ab97ce403110664 -> 
  custom:video-decoder-webm-vp8: 9c59270c3fd7afecdb556c50c9e8de78 -> 
  custom:audio-decoder-ogg-vorbis: bf7c407c2cedff20999df2af8eb42d56 -> 
  custom:audio-encoder-webm-vorbis: bf7c407c2cedff20999df2af8eb42d56 -> 
========================================================================
Received Import Request.
  path: Assets/Objects/Chesspiece.prefab
  artifactKey: Guid(915e3d2f2d245114d8cfae431dea5f1b) Importer(815301076,1909f56bfc062723c751e8b465ee728b)
Start importing Assets/Objects/Chesspiece.prefab using Guid(915e3d2f2d245114d8cfae431dea5f1b) Importer(815301076,1909f56bfc062723c751e8b465ee728b)  -> (artifact id: '36d8e602ade1b642b91ccbe236d16c84') in 0.162883 seconds 
========================================================================
Received Import Request.
  Time since last request: 0.000471 seconds.
  path: Assets/Objects/MovePlate.prefab
  artifactKey: Guid(975cd21375dfdf440977be8479f87330) Importer(815301076,1909f56bfc062723c751e8b465ee728b)
Start importing Assets/Objects/MovePlate.prefab using Guid(975cd21375dfdf440977be8479f87330) Importer(815301076,1909f56bfc062723c751e8b465ee728b)  -> (artifact id: '1709f884c798e647aafa74ccc7b7d945') in 0.023426 seconds 
========================================================================
Received Import Request.
  Time since last request: 0.000330 seconds.
  path: Assets/Scripts/chess01.png
  artifactKey: Guid(a90f6de252c2a9545aa3399f251dcfdd) Importer(815301076,1909f56bfc062723c751e8b465ee728b)
Start importing Assets/Scripts/chess01.png using Guid(a90f6de252c2a9545aa3399f251dcfdd) Importer(815301076,1909f56bfc062723c751e8b465ee728b)  -> (artifact id: '115056fb9a3f1aec43a465f33ca22e85') in 0.109869 seconds 
========================================================================
Received Import Request.
  Time since last request: 0.020013 seconds.
  path: Assets/Game_Assets/MovePlate.png
  artifactKey: Guid(ec106ed2d1b504746af154a6263c1cfc) Importer(815301076,1909f56bfc062723c751e8b465ee728b)
Start importing Assets/Game_Assets/MovePlate.png using Guid(ec106ed2d1b504746af154a6263c1cfc) Importer(815301076,1909f56bfc062723c751e8b465ee728b)  -> (artifact id: '95b7d9384fa85b7fa587f20500854d1d') in 0.019650 seconds 
========================================================================
Received Import Request.
  Time since last request: 6.962083 seconds.
  path: Assets/Socket.IO/Documentation.pdf
  artifactKey: Guid(3dd31b4051af9864eacd0fee4dfc621e) Importer(815301076,1909f56bfc062723c751e8b465ee728b)
Start importing Assets/Socket.IO/Documentation.pdf using Guid(3dd31b4051af9864eacd0fee4dfc621e) Importer(815301076,1909f56bfc062723c751e8b465ee728b)  -> (artifact id: '51ed2cfd54f6c836aa5e201b073e3f80') in 0.018823 seconds 
========================================================================
Received Import Request.
  Time since last request: 19.050791 seconds.
  path: Assets/Socket.IO/S.IO-Library
  artifactKey: Guid(3cbdebfb2325b2a40b0e0b623e727a24) Importer(815301076,1909f56bfc062723c751e8b465ee728b)
Start importing Assets/Socket.IO/S.IO-Library using Guid(3cbdebfb2325b2a40b0e0b623e727a24) Importer(815301076,1909f56bfc062723c751e8b465ee728b)  -> (artifact id: '35468cc3f399770f4d78f56489ed1890') in 0.014220 seconds 
========================================================================
Received Import Request.
  Time since last request: 0.058388 seconds.
  path: Assets/Socket.IO/S.IO-Library/Firesplash.UnityAssets.SocketIO.asmdef
  artifactKey: Guid(11abf8f026103ec41bd1e13c13f25dd1) Importer(815301076,1909f56bfc062723c751e8b465ee728b)
Start importing Assets/Socket.IO/S.IO-Library/Firesplash.UnityAssets.SocketIO.asmdef using Guid(11abf8f026103ec41bd1e13c13f25dd1) Importer(815301076,1909f56bfc062723c751e8b465ee728b)  -> (artifact id: 'd4e583ca3a3a290cd5b0ff14ea784dc0') in 0.013104 seconds 
========================================================================
Received Import Request.
  Time since last request: 2.625855 seconds.
  path: Assets/Socket.IO/S.IO-Library/SIOEventStructure.cs
  artifactKey: Guid(852aa2e57e4ecf24eab2c1fe52b84d3b) Importer(815301076,1909f56bfc062723c751e8b465ee728b)
Start importing Assets/Socket.IO/S.IO-Library/SIOEventStructure.cs using Guid(852aa2e57e4ecf24eab2c1fe52b84d3b) Importer(815301076,1909f56bfc062723c751e8b465ee728b)  -> (artifact id: '334180574e6e6734907b4a26492a0ce8') in 0.018737 seconds 
========================================================================
Received Import Request.
  Time since last request: 0.516052 seconds.
  path: Assets/Socket.IO/S.IO-Library/SocketIOCommunicator.cs
  artifactKey: Guid(4a51bb71fdd88524994e50b1dd0eb958) Importer(815301076,1909f56bfc062723c751e8b465ee728b)
Start importing Assets/Socket.IO/S.IO-Library/SocketIOCommunicator.cs using Guid(4a51bb71fdd88524994e50b1dd0eb958) Importer(815301076,1909f56bfc062723c751e8b465ee728b)  -> (artifact id: '696f2e627dd66aad50febb8cdc1a043e') in 0.008121 seconds 
========================================================================
Received Import Request.
  Time since last request: 6.783853 seconds.
  path: Assets/Socket.IO/S.IO-Library/SIOAuthPayload.cs
  artifactKey: Guid(b14fc487f5a0a2449ac5e9977110f6a4) Importer(815301076,1909f56bfc062723c751e8b465ee728b)
Start importing Assets/Socket.IO/S.IO-Library/SIOAuthPayload.cs using Guid(b14fc487f5a0a2449ac5e9977110f6a4) Importer(815301076,1909f56bfc062723c751e8b465ee728b)  -> (artifact id: '7f58815909c74d69dd30a230a4a4d471') in 0.010430 seconds 
========================================================================
Received Import Request.
  Time since last request: 6.447826 seconds.
  path: Assets/Socket.IO/S.IO-Library/SIODispatcher.cs
  artifactKey: Guid(2fd21c2e0943b1d488e91f339380cf21) Importer(815301076,1909f56bfc062723c751e8b465ee728b)
Start importing Assets/Socket.IO/S.IO-Library/SIODispatcher.cs using Guid(2fd21c2e0943b1d488e91f339380cf21) Importer(815301076,1909f56bfc062723c751e8b465ee728b)  -> (artifact id: 'a00f047ff61a20d77744e4efd086157d') in 0.011980 seconds 
========================================================================
Received Import Request.
  Time since last request: 9.197118 seconds.
  path: Assets/Socket.IO/S.IO-Library/SocketIOInstance.cs
  artifactKey: Guid(03f648800eab204488ca82a77422e2ee) Importer(815301076,1909f56bfc062723c751e8b465ee728b)
Start importing Assets/Socket.IO/S.IO-Library/SocketIOInstance.cs using Guid(03f648800eab204488ca82a77422e2ee) Importer(815301076,1909f56bfc062723c751e8b465ee728b)  -> (artifact id: '2a694c90580abe97150f885c4c8e6dc4') in 0.008929 seconds 
========================================================================
Received Import Request.
  Time since last request: 2.927436 seconds.
  path: Assets/Socket.IO/S.IO-Library/SocketIOManager.cs
  artifactKey: Guid(aebb1e270eff69c44b48738f99367401) Importer(815301076,1909f56bfc062723c751e8b465ee728b)
Start importing Assets/Socket.IO/S.IO-Library/SocketIOManager.cs using Guid(aebb1e270eff69c44b48738f99367401) Importer(815301076,1909f56bfc062723c751e8b465ee728b)  -> (artifact id: '3f2ab2c8f9bf9202a3ca341a105338e9') in 0.009871 seconds 
========================================================================
Received Import Request.
  Time since last request: 2.839791 seconds.
  path: Assets/Socket.IO/S.IO-Library/SocketIONativeInstance.cs
  artifactKey: Guid(1b65eb1bd998e8d4492d90f6311a7dd9) Importer(815301076,1909f56bfc062723c751e8b465ee728b)
Start importing Assets/Socket.IO/S.IO-Library/SocketIONativeInstance.cs using Guid(1b65eb1bd998e8d4492d90f6311a7dd9) Importer(815301076,1909f56bfc062723c751e8b465ee728b)  -> (artifact id: 'a12610e22e55adf4a2bea7839320eed7') in 0.012005 seconds 
========================================================================
Received Import Request.
  Time since last request: 4.633724 seconds.
  path: Assets/Socket.IO/S.IO-Library/SocketIOWebGLInstance.cs
  artifactKey: Guid(f2018b4209d12c24a89dd239410e170a) Importer(815301076,1909f56bfc062723c751e8b465ee728b)
Start importing Assets/Socket.IO/S.IO-Library/SocketIOWebGLInstance.cs using Guid(f2018b4209d12c24a89dd239410e170a) Importer(815301076,1909f56bfc062723c751e8b465ee728b)  -> (artifact id: 'deb75db857996447c05736cdda8b9969') in 0.009196 seconds 
========================================================================
Received Prepare
Registering precompiled user dll's ...
Registered in 0.001073 seconds.
Begin MonoManager ReloadAssembly
Native extension for WindowsStandalone target not found
Native extension for WebGL target not found
Refreshing native plugins compatible for Editor in 0.66 ms, found 0 plugins.
Preloading 0 native plugins for Editor in 0.00 ms.
Mono: successfully reloaded assembly
- Completed reload, in  1.156 seconds
Domain Reload Profiling:
	ReloadAssembly (1157ms)
		BeginReloadAssembly (174ms)
			ExecutionOrderSort (0ms)
			DisableScriptedObjects (7ms)
			BackupInstance (0ms)
			ReleaseScriptingObjects (0ms)
			CreateAndSetChildDomain (47ms)
		EndReloadAssembly (871ms)
			LoadAssemblies (144ms)
			RebuildTransferFunctionScriptingTraits (0ms)
			SetupTypeCache (288ms)
			ReleaseScriptCaches (1ms)
			RebuildScriptCaches (47ms)
			SetupLoadedEditorAssemblies (259ms)
				LogAssemblyErrors (0ms)
				InitializePlatformSupportModulesInManaged (9ms)
				SetLoadedEditorAssemblies (1ms)
				RefreshPlugins (1ms)
				BeforeProcessingInitializeOnLoad (65ms)
				ProcessInitializeOnLoadAttributes (160ms)
				ProcessInitializeOnLoadMethodAttributes (12ms)
				AfterProcessingInitializeOnLoad (10ms)
				EditorAssembliesLoaded (1ms)
			ExecutionOrderSort2 (0ms)
			AwakeInstancesAfterBackupRestoration (13ms)
Platform modules already initialized, skipping
Refreshing native plugins compatible for Editor in 0.71 ms, found 0 plugins.
Preloading 0 native plugins for Editor in 0.00 ms.
Unloading 850 Unused Serialized files (Serialized files now loaded: 0)
System memory in use before: 53.4 MB.
System memory in use after: 53.5 MB.

Unloading 12 unused Assets to reduce memory usage. Loaded Objects now: 1309.
Total: 2.828200 ms (FindLiveObjects: 0.144000 ms CreateObjectMapping: 0.029800 ms MarkObjects: 2.619500 ms  DeleteObjects: 0.033800 ms)

AssetImportParameters requested are different than current active one (requested -> active):
  custom:framework-win-MediaFoundation: 216162199b28c13a410421893ffa2e32 -> 
  custom:video-decoder-ogg-theora: a1e56fd34408186e4bbccfd4996cb3dc -> 
  custom:container-muxer-webm: aa71ff27fc2769a1b78a27578f13a17b -> 
  custom:container-demuxer-webm: 4f35f7cbe854078d1ac9338744f61a02 -> 
  custom:container-demuxer-ogg: 62fdf1f143b41e24485cea50d1cbac27 -> 
  custom:video-encoder-webm-vp8: eb34c28f22e8b96e1ab97ce403110664 -> 
  custom:video-decoder-webm-vp8: 9c59270c3fd7afecdb556c50c9e8de78 -> 
  custom:audio-decoder-ogg-vorbis: bf7c407c2cedff20999df2af8eb42d56 -> 
  custom:audio-encoder-webm-vorbis: bf7c407c2cedff20999df2af8eb42d56 -> 
========================================================================
Received Import Request.
  Time since last request: 131.669557 seconds.
  path: Assets/Socket.IO/S.IO-Library/SocketIOCommunicator.cs
  artifactKey: Guid(4a51bb71fdd88524994e50b1dd0eb958) Importer(815301076,1909f56bfc062723c751e8b465ee728b)
Start importing Assets/Socket.IO/S.IO-Library/SocketIOCommunicator.cs using Guid(4a51bb71fdd88524994e50b1dd0eb958) Importer(815301076,1909f56bfc062723c751e8b465ee728b)  -> (artifact id: '91ac12a04af4a636d425acf9cc38937f') in 0.007152 seconds 
========================================================================
Received Prepare
Registering precompiled user dll's ...
Registered in 0.000792 seconds.
Begin MonoManager ReloadAssembly
Native extension for WindowsStandalone target not found
Native extension for WebGL target not found
Refreshing native plugins compatible for Editor in 0.61 ms, found 0 plugins.
Preloading 0 native plugins for Editor in 0.00 ms.
Mono: successfully reloaded assembly
- Completed reload, in  1.113 seconds
Domain Reload Profiling:
	ReloadAssembly (1114ms)
		BeginReloadAssembly (157ms)
			ExecutionOrderSort (0ms)
			DisableScriptedObjects (10ms)
			BackupInstance (0ms)
			ReleaseScriptingObjects (0ms)
			CreateAndSetChildDomain (35ms)
		EndReloadAssembly (856ms)
			LoadAssemblies (142ms)
			RebuildTransferFunctionScriptingTraits (0ms)
			SetupTypeCache (270ms)
			ReleaseScriptCaches (1ms)
			RebuildScriptCaches (40ms)
			SetupLoadedEditorAssemblies (294ms)
				LogAssemblyErrors (0ms)
				InitializePlatformSupportModulesInManaged (7ms)
				SetLoadedEditorAssemblies (1ms)
				RefreshPlugins (1ms)
				BeforeProcessingInitializeOnLoad (61ms)
				ProcessInitializeOnLoadAttributes (192ms)
				ProcessInitializeOnLoadMethodAttributes (18ms)
				AfterProcessingInitializeOnLoad (14ms)
				EditorAssembliesLoaded (1ms)
			ExecutionOrderSort2 (0ms)
			AwakeInstancesAfterBackupRestoration (15ms)
Platform modules already initialized, skipping
Refreshing native plugins compatible for Editor in 0.58 ms, found 0 plugins.
Preloading 0 native plugins for Editor in 0.00 ms.
Unloading 850 Unused Serialized files (Serialized files now loaded: 0)
System memory in use before: 53.5 MB.
System memory in use after: 53.5 MB.

Unloading 12 unused Assets to reduce memory usage. Loaded Objects now: 1312.
Total: 2.560900 ms (FindLiveObjects: 0.100000 ms CreateObjectMapping: 0.021200 ms MarkObjects: 2.416800 ms  DeleteObjects: 0.021800 ms)

AssetImportParameters requested are different than current active one (requested -> active):
  custom:framework-win-MediaFoundation: 216162199b28c13a410421893ffa2e32 -> 
  custom:video-decoder-ogg-theora: a1e56fd34408186e4bbccfd4996cb3dc -> 
  custom:container-muxer-webm: aa71ff27fc2769a1b78a27578f13a17b -> 
  custom:container-demuxer-webm: 4f35f7cbe854078d1ac9338744f61a02 -> 
  custom:container-demuxer-ogg: 62fdf1f143b41e24485cea50d1cbac27 -> 
  custom:video-encoder-webm-vp8: eb34c28f22e8b96e1ab97ce403110664 -> 
  custom:video-decoder-webm-vp8: 9c59270c3fd7afecdb556c50c9e8de78 -> 
  custom:audio-decoder-ogg-vorbis: bf7c407c2cedff20999df2af8eb42d56 -> 
  custom:audio-encoder-webm-vorbis: bf7c407c2cedff20999df2af8eb42d56 -> 
========================================================================
Received Import Request.
  Time since last request: 346.896555 seconds.
  path: Assets/Socket.IO/Example/DemoServerCode/ServerCode/ที่เก็บถาวร.zip
  artifactKey: Guid(223c38884cba44e89b7dcfee0ced77ae) Importer(815301076,1909f56bfc062723c751e8b465ee728b)
Start importing Assets/Socket.IO/Example/DemoServerCode/ServerCode/ที่เก็บถาวร.zip using Guid(223c38884cba44e89b7dcfee0ced77ae) Importer(815301076,1909f56bfc062723c751e8b465ee728b)  -> (artifact id: 'ce4224609bef0c8901b89f6eaf9a1956') in 0.031955 seconds 
========================================================================
Received Import Request.
  Time since last request: 1.267364 seconds.
  path: Assets/Socket.IO/Example/DemoServerCode/ServerCode/node_modules
  artifactKey: Guid(f82e8bbbe23ceaf48b4c782f3d93dd28) Importer(815301076,1909f56bfc062723c751e8b465ee728b)
Start importing Assets/Socket.IO/Example/DemoServerCode/ServerCode/node_modules using Guid(f82e8bbbe23ceaf48b4c782f3d93dd28) Importer(815301076,1909f56bfc062723c751e8b465ee728b)  -> (artifact id: 'a6cd768417772cc8467bf689cb3cb818') in 0.011883 seconds 
========================================================================
Received Import Request.
  Time since last request: 9.397849 seconds.
  path: Assets/Socket.IO/Example/DemoServerCode/ServerCode/package.json
  artifactKey: Guid(f110639b9952b5648b2f0c22552e993d) Importer(815301076,1909f56bfc062723c751e8b465ee728b)
Start importing Assets/Socket.IO/Example/DemoServerCode/ServerCode/package.json using Guid(f110639b9952b5648b2f0c22552e993d) Importer(815301076,1909f56bfc062723c751e8b465ee728b)  -> (artifact id: '63618098e029e7a4da9d4a958afcccff') in 0.026635 seconds 
========================================================================
Received Import Request.
  Time since last request: 15.586031 seconds.
  path: Assets/Socket.IO/Example/DemoServerCode/ServerCode/package-lock.json
  artifactKey: Guid(f6025a52b31b1c444a7c9370617289d8) Importer(815301076,1909f56bfc062723c751e8b465ee728b)
Start importing Assets/Socket.IO/Example/DemoServerCode/ServerCode/package-lock.json using Guid(f6025a52b31b1c444a7c9370617289d8) Importer(815301076,1909f56bfc062723c751e8b465ee728b)  -> (artifact id: 'd0987c49062297891ef818314bfff7a6') in 0.020871 seconds 
========================================================================
Received Import Request.
  Time since last request: 3.716759 seconds.
  path: Assets/Socket.IO/Example/DemoServerCode/ServerCode/HowToRunServer.txt
  artifactKey: Guid(464d3025ec984af44975ea24805c48da) Importer(815301076,1909f56bfc062723c751e8b465ee728b)
Start importing Assets/Socket.IO/Example/DemoServerCode/ServerCode/HowToRunServer.txt using Guid(464d3025ec984af44975ea24805c48da) Importer(815301076,1909f56bfc062723c751e8b465ee728b)  -> (artifact id: '812c39cffd0b45b517bba092ccf68329') in 0.062147 seconds 
========================================================================
Received Import Request.
  Time since last request: 98.518868 seconds.
  path: Assets/Socket.IO/Example/DemoServerCode/ServerCode/pingpong.js
  artifactKey: Guid(854b92ada59d705469d4b755ca7da42f) Importer(815301076,1909f56bfc062723c751e8b465ee728b)
Start importing Assets/Socket.IO/Example/DemoServerCode/ServerCode/pingpong.js using Guid(854b92ada59d705469d4b755ca7da42f) Importer(815301076,1909f56bfc062723c751e8b465ee728b)  -> (artifact id: 'ade9274bf69c0d34a4081771a0b0b27d') in 0.021864 seconds 
AssetImportWorkerClient::OnTransportError - code=2 error=End of file
